Using pre-set license
Built from '2020.3/staging' branch; Version is '2020.3.26f1 (7298b473bc1a) revision 7510196'; Using compiler version '192528614'; Build Type 'Release'
OS: 'Windows 10  (10.0.19043) 64bit CoreSingleLanguage' Language: 'en' Physical Memory: 16196 MB
BatchMode: 1, IsHumanControllingUs: 0, StartBugReporterOnCrash: 0, Is64bit: 1, IsPro: 0

COMMAND LINE ARGUMENTS:
D:\Unity Editors\2020.3.26f1\Editor\Unity.exe
-adb2
-batchMode
-noUpm
-name
AssetImportWorker0
-projectPath
D:/Unity Projects/Test URP
-logFile
Logs/AssetImportWorker0.log
-srvPort
65124
Successfully changed project path to: D:/Unity Projects/Test URP
D:/Unity Projects/Test URP
Using Asset Import Pipeline V2.
Refreshing native plugins compatible for Editor in 86.14 ms, found 2 plugins.
Preloading 0 native plugins for Editor in 0.00 ms.
Initialize engine version: 2020.3.26f1 (7298b473bc1a)
[Subsystems] Discovering subsystems at path D:/Unity Editors/2020.3.26f1/Editor/Data/Resources/UnitySubsystems
[Subsystems] Discovering subsystems at path D:/Unity Projects/Test URP/Assets
GfxDevice: creating device client; threaded=0
Direct3D:
    Version:  Direct3D 11.0 [level 11.1]
    Renderer: NVIDIA GeForce RTX 2060 (ID=0x1f11)
    Vendor:   
    VRAM:     5980 MB
    Driver:   30.0.15.1179
Initialize mono
Mono path[0] = 'D:/Unity Editors/2020.3.26f1/Editor/Data/Managed'
Mono path[1] = 'D:/Unity Editors/2020.3.26f1/Editor/Data/MonoBleedingEdge/lib/mono/unityjit'
Mono config path = 'D:/Unity Editors/2020.3.26f1/Editor/Data/MonoBleedingEdge/etc'
Using monoOptions --debugger-agent=transport=dt_socket,embedding=1,server=y,suspend=n,address=127.0.0.1:56724
Begin MonoManager ReloadAssembly
Registering precompiled unity dll's ...
Register platform support module: D:/Unity Editors/2020.3.26f1/Editor/Data/PlaybackEngines/WindowsStandaloneSupport/UnityEditor.WindowsStandalone.Extensions.dll
Registered in 0.001730 seconds.
Native extension for WindowsStandalone target not found
Refreshing native plugins compatible for Editor in 81.83 ms, found 2 plugins.
Preloading 0 native plugins for Editor in 0.00 ms.
Mono: successfully reloaded assembly
- Completed reload, in  0.736 seconds
Domain Reload Profiling:
	ReloadAssembly (736ms)
		BeginReloadAssembly (84ms)
			ExecutionOrderSort (0ms)
			DisableScriptedObjects (0ms)
			BackupInstance (0ms)
			ReleaseScriptingObjects (0ms)
			CreateAndSetChildDomain (1ms)
		EndReloadAssembly (572ms)
			LoadAssemblies (83ms)
			RebuildTransferFunctionScriptingTraits (0ms)
			SetupTypeCache (192ms)
			ReleaseScriptCaches (0ms)
			RebuildScriptCaches (32ms)
			SetupLoadedEditorAssemblies (234ms)
				LogAssemblyErrors (0ms)
				InitializePlatformSupportModulesInManaged (5ms)
				SetLoadedEditorAssemblies (0ms)
				RefreshPlugins (82ms)
				BeforeProcessingInitializeOnLoad (23ms)
				ProcessInitializeOnLoadAttributes (91ms)
				ProcessInitializeOnLoadMethodAttributes (32ms)
				AfterProcessingInitializeOnLoad (1ms)
				EditorAssembliesLoaded (0ms)
			ExecutionOrderSort2 (0ms)
			AwakeInstancesAfterBackupRestoration (0ms)
Platform modules already initialized, skipping
Registering precompiled user dll's ...
Registered in 0.005601 seconds.
Begin MonoManager ReloadAssembly
Native extension for WindowsStandalone target not found
Refreshing native plugins compatible for Editor in 69.67 ms, found 2 plugins.
Preloading 0 native plugins for Editor in 0.00 ms.
Mono: successfully reloaded assembly
- Completed reload, in  1.250 seconds
Domain Reload Profiling:
	ReloadAssembly (1251ms)
		BeginReloadAssembly (147ms)
			ExecutionOrderSort (0ms)
			DisableScriptedObjects (4ms)
			BackupInstance (0ms)
			ReleaseScriptingObjects (0ms)
			CreateAndSetChildDomain (16ms)
		EndReloadAssembly (1050ms)
			LoadAssemblies (112ms)
			RebuildTransferFunctionScriptingTraits (0ms)
			SetupTypeCache (346ms)
			ReleaseScriptCaches (1ms)
			RebuildScriptCaches (75ms)
			SetupLoadedEditorAssemblies (421ms)
				LogAssemblyErrors (0ms)
				InitializePlatformSupportModulesInManaged (3ms)
				SetLoadedEditorAssemblies (0ms)
				RefreshPlugins (70ms)
				BeforeProcessingInitializeOnLoad (93ms)
				ProcessInitializeOnLoadAttributes (240ms)
				ProcessInitializeOnLoadMethodAttributes (12ms)
				AfterProcessingInitializeOnLoad (2ms)
				EditorAssembliesLoaded (0ms)
			ExecutionOrderSort2 (0ms)
			AwakeInstancesAfterBackupRestoration (7ms)
Platform modules already initialized, skipping
========================================================================
Worker process is ready to serve import requests
Launched and connected shader compiler UnityShaderCompiler.exe after 0.22 seconds
Refreshing native plugins compatible for Editor in 1.42 ms, found 2 plugins.
Preloading 0 native plugins for Editor in 0.00 ms.
Unloading 4003 Unused Serialized files (Serialized files now loaded: 0)
System memory in use before: 287.4 MB.
System memory in use after: 287.6 MB.

Unloading 24 unused Assets to reduce memory usage. Loaded Objects now: 4458.
Total: 4.242400 ms (FindLiveObjects: 0.334300 ms CreateObjectMapping: 0.222800 ms MarkObjects: 3.564100 ms  DeleteObjects: 0.119900 ms)

AssetImportParameters requested are different than current active one (requested -> active):
  custom:framework-win-MediaFoundation: 216162199b28c13a410421893ffa2e32 -> 
  custom:video-decoder-ogg-theora: a1e56fd34408186e4bbccfd4996cb3dc -> 
  custom:container-muxer-webm: aa71ff27fc2769a1b78a27578f13a17b -> 
  custom:container-demuxer-webm: 4f35f7cbe854078d1ac9338744f61a02 -> 
  custom:container-demuxer-ogg: 62fdf1f143b41e24485cea50d1cbac27 -> 
  custom:video-encoder-webm-vp8: eb34c28f22e8b96e1ab97ce403110664 -> 
  custom:video-decoder-webm-vp8: 9c59270c3fd7afecdb556c50c9e8de78 -> 
  custom:audio-decoder-ogg-vorbis: bf7c407c2cedff20999df2af8eb42d56 -> 
  custom:audio-encoder-webm-vorbis: bf7c407c2cedff20999df2af8eb42d56 -> 
========================================================================
Received Import Request.
  path: Assets/New Material.mat
  artifactKey: Guid(0b546b0af9259d84fa656327d390d71c) Importer(815301076,1909f56bfc062723c751e8b465ee728b)
Start importing Assets/New Material.mat using Guid(0b546b0af9259d84fa656327d390d71c) Importer(815301076,1909f56bfc062723c751e8b465ee728b)  -> (artifact id: '394b137e7b3d2b56c06bf64f0300e573') in 0.223709 seconds 
  Import took 0.229812 seconds .

========================================================================
Received Prepare
Registering precompiled user dll's ...
Registered in 0.004954 seconds.
Begin MonoManager ReloadAssembly
Native extension for WindowsStandalone target not found
Refreshing native plugins compatible for Editor in 0.71 ms, found 2 plugins.
Preloading 0 native plugins for Editor in 0.00 ms.
Mono: successfully reloaded assembly
- Completed reload, in  1.172 seconds
Domain Reload Profiling:
	ReloadAssembly (1173ms)
		BeginReloadAssembly (158ms)
			ExecutionOrderSort (0ms)
			DisableScriptedObjects (6ms)
			BackupInstance (0ms)
			ReleaseScriptingObjects (0ms)
			CreateAndSetChildDomain (39ms)
		EndReloadAssembly (963ms)
			LoadAssemblies (113ms)
			RebuildTransferFunctionScriptingTraits (0ms)
			SetupTypeCache (343ms)
			ReleaseScriptCaches (1ms)
			RebuildScriptCaches (65ms)
			SetupLoadedEditorAssemblies (329ms)
				LogAssemblyErrors (0ms)
				InitializePlatformSupportModulesInManaged (3ms)
				SetLoadedEditorAssemblies (0ms)
				RefreshPlugins (1ms)
				BeforeProcessingInitializeOnLoad (85ms)
				ProcessInitializeOnLoadAttributes (227ms)
				ProcessInitializeOnLoadMethodAttributes (10ms)
				AfterProcessingInitializeOnLoad (2ms)
				EditorAssembliesLoaded (0ms)
			ExecutionOrderSort2 (0ms)
			AwakeInstancesAfterBackupRestoration (13ms)
Platform modules already initialized, skipping
Refreshing native plugins compatible for Editor in 0.76 ms, found 2 plugins.
Preloading 0 native plugins for Editor in 0.00 ms.
Unloading 3826 Unused Serialized files (Serialized files now loaded: 0)
System memory in use before: 279.1 MB.
System memory in use after: 279.3 MB.

Unloading 17 unused Assets to reduce memory usage. Loaded Objects now: 4538.
Total: 3.477900 ms (FindLiveObjects: 0.284000 ms CreateObjectMapping: 0.214900 ms MarkObjects: 2.963000 ms  DeleteObjects: 0.015200 ms)

AssetImportParameters requested are different than current active one (requested -> active):
  custom:framework-win-MediaFoundation: 216162199b28c13a410421893ffa2e32 -> 
  custom:video-decoder-ogg-theora: a1e56fd34408186e4bbccfd4996cb3dc -> 
  custom:container-muxer-webm: aa71ff27fc2769a1b78a27578f13a17b -> 
  custom:container-demuxer-webm: 4f35f7cbe854078d1ac9338744f61a02 -> 
  custom:container-demuxer-ogg: 62fdf1f143b41e24485cea50d1cbac27 -> 
  custom:video-encoder-webm-vp8: eb34c28f22e8b96e1ab97ce403110664 -> 
  custom:video-decoder-webm-vp8: 9c59270c3fd7afecdb556c50c9e8de78 -> 
  custom:audio-decoder-ogg-vorbis: bf7c407c2cedff20999df2af8eb42d56 -> 
  custom:audio-encoder-webm-vorbis: bf7c407c2cedff20999df2af8eb42d56 -> 
========================================================================
Received Import Request.
  Time since last request: 382.758712 seconds.
  path: Assets/Fantasy Adventure Environment/PostProcessingAssets/FAE_PostProcessingProfile_URP.asset
  artifactKey: Guid(291a106b25af4384f89ad564ba3eeac7) Importer(815301076,1909f56bfc062723c751e8b465ee728b)
Start importing Assets/Fantasy Adventure Environment/PostProcessingAssets/FAE_PostProcessingProfile_URP.asset using Guid(291a106b25af4384f89ad564ba3eeac7) Importer(815301076,1909f56bfc062723c751e8b465ee728b)  -> (artifact id: 'b2b7c386d8d5e89cd42ef54194a947b4') in 0.042785 seconds 
  Import took 0.048674 seconds .

========================================================================
Received Import Request.
  Time since last request: 0.000205 seconds.
  path: Assets/StarterAssets/Environment/RenderPipelineProfiles/StarterAssetsHDRPVolumeProfile.asset
  artifactKey: Guid(fe05288aca2f31443877a786e771100f) Importer(815301076,1909f56bfc062723c751e8b465ee728b)
Start importing Assets/StarterAssets/Environment/RenderPipelineProfiles/StarterAssetsHDRPVolumeProfile.asset using Guid(fe05288aca2f31443877a786e771100f) Importer(815301076,1909f56bfc062723c751e8b465ee728b)  -> (artifact id: 'e530e2a2e0d86b724331e59376c84190') in 0.003669 seconds 
  Import took 0.010977 seconds .

========================================================================
Received Import Request.
  Time since last request: 5.940675 seconds.
  path: Assets/New Material.mat
  artifactKey: Guid(0b546b0af9259d84fa656327d390d71c) Importer(815301076,1909f56bfc062723c751e8b465ee728b)
Start importing Assets/New Material.mat using Guid(0b546b0af9259d84fa656327d390d71c) Importer(815301076,1909f56bfc062723c751e8b465ee728b)  -> (artifact id: '814c43c15f184b3c84180eb546fb9470') in 0.144347 seconds 
  Import took 0.150252 seconds .

========================================================================
Received Import Request.
  Time since last request: 16.289161 seconds.
  path: Assets/_Scenes/_post processing/Global Volume Profile.asset
  artifactKey: Guid(0c8d6f44a3f123d49a53adb421a28270) Importer(815301076,1909f56bfc062723c751e8b465ee728b)
Start importing Assets/_Scenes/_post processing/Global Volume Profile.asset using Guid(0c8d6f44a3f123d49a53adb421a28270) Importer(815301076,1909f56bfc062723c751e8b465ee728b)  -> (artifact id: '1a33408bbac5ca7629bf9df93ad0180d') in 0.002322 seconds 
  Import took 0.008079 seconds .

========================================================================
Received Import Request.
  Time since last request: 4.389453 seconds.
  path: Assets/_Scenes/_post processing/Global Volume Profile 1.asset
  artifactKey: Guid(7486c4513fc04ae469eebd6a7faa9a0f) Importer(815301076,1909f56bfc062723c751e8b465ee728b)
Start importing Assets/_Scenes/_post processing/Global Volume Profile 1.asset using Guid(7486c4513fc04ae469eebd6a7faa9a0f) Importer(815301076,1909f56bfc062723c751e8b465ee728b)  -> (artifact id: '534312fc180d872634492dbcf09e18b4') in 0.002466 seconds 
  Import took 0.008276 seconds .

========================================================================
Received Import Request.
  Time since last request: 18.171892 seconds.
  path: Assets/_Scenes/_post processing/Global Volume Profile 1.asset
  artifactKey: Guid(7486c4513fc04ae469eebd6a7faa9a0f) Importer(815301076,1909f56bfc062723c751e8b465ee728b)
Start importing Assets/_Scenes/_post processing/Global Volume Profile 1.asset using Guid(7486c4513fc04ae469eebd6a7faa9a0f) Importer(815301076,1909f56bfc062723c751e8b465ee728b)  -> (artifact id: '9780cca28e78744f3df6c5a30e4bbd09') in 0.004481 seconds 
  Import took 0.010370 seconds .

========================================================================
Received Import Request.
  Time since last request: 55.491465 seconds.
  path: Assets/_Scenes/_post processing/Global Volume Profile 1.asset
  artifactKey: Guid(7486c4513fc04ae469eebd6a7faa9a0f) Importer(815301076,1909f56bfc062723c751e8b465ee728b)
Start importing Assets/_Scenes/_post processing/Global Volume Profile 1.asset using Guid(7486c4513fc04ae469eebd6a7faa9a0f) Importer(815301076,1909f56bfc062723c751e8b465ee728b)  -> (artifact id: 'eae851a77d4583fb2e9aad86ae1a60a3') in 0.004320 seconds 
  Import took 0.010537 seconds .

========================================================================
Received Import Request.
  Time since last request: 3.144613 seconds.
  path: Assets/_Scenes/_post processing/Global Volume Profile 1.asset
  artifactKey: Guid(7486c4513fc04ae469eebd6a7faa9a0f) Importer(815301076,1909f56bfc062723c751e8b465ee728b)
Start importing Assets/_Scenes/_post processing/Global Volume Profile 1.asset using Guid(7486c4513fc04ae469eebd6a7faa9a0f) Importer(815301076,1909f56bfc062723c751e8b465ee728b)  -> (artifact id: '6b26f1e2174f1c5f5c5a6e82c504819c') in 0.003710 seconds 
  Import took 0.009216 seconds .

========================================================================
Received Import Request.
  Time since last request: 14.992555 seconds.
  path: Assets/_Scenes/_post processing/Global Volume Profile 1.asset
  artifactKey: Guid(7486c4513fc04ae469eebd6a7faa9a0f) Importer(815301076,1909f56bfc062723c751e8b465ee728b)
Start importing Assets/_Scenes/_post processing/Global Volume Profile 1.asset using Guid(7486c4513fc04ae469eebd6a7faa9a0f) Importer(815301076,1909f56bfc062723c751e8b465ee728b)  -> (artifact id: '882fb86247fcb98207a5600b21c2caea') in 0.004147 seconds 
  Import took 0.010677 seconds .

========================================================================
Received Import Request.
  Time since last request: 52.031476 seconds.
  path: Assets/_Scenes/_post processing/Global Volume Profile 1.asset
  artifactKey: Guid(7486c4513fc04ae469eebd6a7faa9a0f) Importer(815301076,1909f56bfc062723c751e8b465ee728b)
Start importing Assets/_Scenes/_post processing/Global Volume Profile 1.asset using Guid(7486c4513fc04ae469eebd6a7faa9a0f) Importer(815301076,1909f56bfc062723c751e8b465ee728b)  -> (artifact id: '54bea1056fca836e243b0b2600d168db') in 0.004150 seconds 
  Import took 0.010524 seconds .

========================================================================
Received Import Request.
  Time since last request: 195.473032 seconds.
  path: Assets/_Scenes/_post processing/Global Volume Profile 1.asset
  artifactKey: Guid(7486c4513fc04ae469eebd6a7faa9a0f) Importer(815301076,1909f56bfc062723c751e8b465ee728b)
Start importing Assets/_Scenes/_post processing/Global Volume Profile 1.asset using Guid(7486c4513fc04ae469eebd6a7faa9a0f) Importer(815301076,1909f56bfc062723c751e8b465ee728b)  -> (artifact id: '7152be0756f92508480c586fe94cd4ce') in 0.004479 seconds 
  Import took 0.010386 seconds .

========================================================================
Received Import Request.
  Time since last request: 85.241959 seconds.
  path: Assets/_Scenes/_post processing/Global Volume Profile 1.asset
  artifactKey: Guid(7486c4513fc04ae469eebd6a7faa9a0f) Importer(815301076,1909f56bfc062723c751e8b465ee728b)
Start importing Assets/_Scenes/_post processing/Global Volume Profile 1.asset using Guid(7486c4513fc04ae469eebd6a7faa9a0f) Importer(815301076,1909f56bfc062723c751e8b465ee728b)  -> (artifact id: '449d714a1a0e86cdb72824c8a66d536b') in 0.003862 seconds 
  Import took 0.009853 seconds .

========================================================================
Received Import Request.
  Time since last request: 40.651743 seconds.
  path: Assets/_Scenes/_post processing/Global Volume Profile 1.asset
  artifactKey: Guid(7486c4513fc04ae469eebd6a7faa9a0f) Importer(815301076,1909f56bfc062723c751e8b465ee728b)
Start importing Assets/_Scenes/_post processing/Global Volume Profile 1.asset using Guid(7486c4513fc04ae469eebd6a7faa9a0f) Importer(815301076,1909f56bfc062723c751e8b465ee728b)  -> (artifact id: '703c4c8b2a6fd2fe8531874f2ded0959') in 0.004549 seconds 
  Import took 0.010969 seconds .

========================================================================
Received Import Request.
  Time since last request: 63.569889 seconds.
  path: Assets/_Scenes/_post processing/Global Volume Profile 1.asset
  artifactKey: Guid(7486c4513fc04ae469eebd6a7faa9a0f) Importer(815301076,1909f56bfc062723c751e8b465ee728b)
Start importing Assets/_Scenes/_post processing/Global Volume Profile 1.asset using Guid(7486c4513fc04ae469eebd6a7faa9a0f) Importer(815301076,1909f56bfc062723c751e8b465ee728b)  -> (artifact id: 'c6ae17686b03e1a6d5bf7e2538d824f7') in 0.004973 seconds 
  Import took 0.119358 seconds .

========================================================================
Received Import Request.
  Time since last request: 38.228640 seconds.
  path: Assets/_Scenes/_post processing/Global Volume Profile 1.asset
  artifactKey: Guid(7486c4513fc04ae469eebd6a7faa9a0f) Importer(815301076,1909f56bfc062723c751e8b465ee728b)
Start importing Assets/_Scenes/_post processing/Global Volume Profile 1.asset using Guid(7486c4513fc04ae469eebd6a7faa9a0f) Importer(815301076,1909f56bfc062723c751e8b465ee728b)  -> (artifact id: '2cbce09c656208e2a54288abd0ea24ef') in 0.004077 seconds 
  Import took 0.010161 seconds .

========================================================================
Received Import Request.
  Time since last request: 122.581668 seconds.
  path: Assets/_Scenes/_post processing/Global Volume Profile 1.asset
  artifactKey: Guid(7486c4513fc04ae469eebd6a7faa9a0f) Importer(815301076,1909f56bfc062723c751e8b465ee728b)
Start importing Assets/_Scenes/_post processing/Global Volume Profile 1.asset using Guid(7486c4513fc04ae469eebd6a7faa9a0f) Importer(815301076,1909f56bfc062723c751e8b465ee728b)  -> (artifact id: '629c1c9d574b35dbdb998a96a8b1b27a') in 0.005295 seconds 
  Import took 0.011658 seconds .

========================================================================
Received Import Request.
  Time since last request: 7.573655 seconds.
  path: Assets/_Scenes/_post processing/Global Volume Profile 1.asset
  artifactKey: Guid(7486c4513fc04ae469eebd6a7faa9a0f) Importer(815301076,1909f56bfc062723c751e8b465ee728b)
Start importing Assets/_Scenes/_post processing/Global Volume Profile 1.asset using Guid(7486c4513fc04ae469eebd6a7faa9a0f) Importer(815301076,1909f56bfc062723c751e8b465ee728b)  -> (artifact id: 'c2d9b0f43b85b43a30e0089aefe1095c') in 0.004408 seconds 
  Import took 0.010320 seconds .

========================================================================
Received Import Request.
  Time since last request: 12.922360 seconds.
  path: Assets/_Scenes/_post processing/Global Volume Profile 1.asset
  artifactKey: Guid(7486c4513fc04ae469eebd6a7faa9a0f) Importer(815301076,1909f56bfc062723c751e8b465ee728b)
Start importing Assets/_Scenes/_post processing/Global Volume Profile 1.asset using Guid(7486c4513fc04ae469eebd6a7faa9a0f) Importer(815301076,1909f56bfc062723c751e8b465ee728b)  -> (artifact id: 'ad75051576cb5c8c6ebaa70249fac4aa') in 0.005093 seconds 
  Import took 0.011196 seconds .

========================================================================
Received Import Request.
  Time since last request: 511.390413 seconds.
  path: Assets/untitled.blend
  artifactKey: Guid(492821673b2d73f45a5a98dd43889d1e) Importer(815301076,1909f56bfc062723c751e8b465ee728b)
Start importing Assets/untitled.blend using Guid(492821673b2d73f45a5a98dd43889d1e) Importer(815301076,1909f56bfc062723c751e8b465ee728b)  -> (artifact id: 'e94588b0c7aaa6e81ca5e2a4f0ba822b') in 0.092595 seconds 
  Import took 0.100124 seconds .

========================================================================
Received Prepare
Registering precompiled user dll's ...
Registered in 0.004731 seconds.
Begin MonoManager ReloadAssembly
Native extension for WindowsStandalone target not found
Refreshing native plugins compatible for Editor in 0.68 ms, found 2 plugins.
Preloading 0 native plugins for Editor in 0.00 ms.
Mono: successfully reloaded assembly
- Completed reload, in  1.139 seconds
Domain Reload Profiling:
	ReloadAssembly (1140ms)
		BeginReloadAssembly (141ms)
			ExecutionOrderSort (0ms)
			DisableScriptedObjects (6ms)
			BackupInstance (0ms)
			ReleaseScriptingObjects (0ms)
			CreateAndSetChildDomain (37ms)
		EndReloadAssembly (949ms)
			LoadAssemblies (111ms)
			RebuildTransferFunctionScriptingTraits (0ms)
			SetupTypeCache (323ms)
			ReleaseScriptCaches (1ms)
			RebuildScriptCaches (69ms)
			SetupLoadedEditorAssemblies (334ms)
				LogAssemblyErrors (0ms)
				InitializePlatformSupportModulesInManaged (3ms)
				SetLoadedEditorAssemblies (0ms)
				RefreshPlugins (1ms)
				BeforeProcessingInitializeOnLoad (85ms)
				ProcessInitializeOnLoadAttributes (231ms)
				ProcessInitializeOnLoadMethodAttributes (11ms)
				AfterProcessingInitializeOnLoad (2ms)
				EditorAssembliesLoaded (0ms)
			ExecutionOrderSort2 (0ms)
			AwakeInstancesAfterBackupRestoration (13ms)
Platform modules already initialized, skipping
Refreshing native plugins compatible for Editor in 0.84 ms, found 2 plugins.
Preloading 0 native plugins for Editor in 0.00 ms.
Unloading 3826 Unused Serialized files (Serialized files now loaded: 0)
System memory in use before: 279.4 MB.
System memory in use after: 279.7 MB.

Unloading 17 unused Assets to reduce memory usage. Loaded Objects now: 4579.
Total: 3.300700 ms (FindLiveObjects: 0.318000 ms CreateObjectMapping: 0.198100 ms MarkObjects: 2.767800 ms  DeleteObjects: 0.016100 ms)

AssetImportParameters requested are different than current active one (requested -> active):
  custom:framework-win-MediaFoundation: 216162199b28c13a410421893ffa2e32 -> 
  custom:video-decoder-ogg-theora: a1e56fd34408186e4bbccfd4996cb3dc -> 
  custom:container-muxer-webm: aa71ff27fc2769a1b78a27578f13a17b -> 
  custom:container-demuxer-webm: 4f35f7cbe854078d1ac9338744f61a02 -> 
  custom:container-demuxer-ogg: 62fdf1f143b41e24485cea50d1cbac27 -> 
  custom:video-encoder-webm-vp8: eb34c28f22e8b96e1ab97ce403110664 -> 
  custom:video-decoder-webm-vp8: 9c59270c3fd7afecdb556c50c9e8de78 -> 
  custom:audio-decoder-ogg-vorbis: bf7c407c2cedff20999df2af8eb42d56 -> 
  custom:audio-encoder-webm-vorbis: bf7c407c2cedff20999df2af8eb42d56 -> 
========================================================================
Received Import Request.
  Time since last request: 395.979349 seconds.
  path: Assets/Post Processing/Lolo.asset
  artifactKey: Guid(2612b170aa962384c85719d5c75119d9) Importer(815301076,1909f56bfc062723c751e8b465ee728b)
Start importing Assets/Post Processing/Lolo.asset using Guid(2612b170aa962384c85719d5c75119d9) Importer(815301076,1909f56bfc062723c751e8b465ee728b)  -> (artifact id: '80cb395b20fe8a7d92703bd42002bad0') in 0.042811 seconds 
  Import took 0.049249 seconds .

========================================================================
Received Import Request.
  Time since last request: 17.174063 seconds.
  path: Assets/Post Processing/Lolo.asset
  artifactKey: Guid(2612b170aa962384c85719d5c75119d9) Importer(815301076,1909f56bfc062723c751e8b465ee728b)
Start importing Assets/Post Processing/Lolo.asset using Guid(2612b170aa962384c85719d5c75119d9) Importer(815301076,1909f56bfc062723c751e8b465ee728b)  -> (artifact id: '01f6d999f467fed6c06d0e50aa4fc89d') in 0.004309 seconds 
  Import took 0.010178 seconds .

========================================================================
Received Prepare
Registering precompiled user dll's ...
Registered in 0.006634 seconds.
Begin MonoManager ReloadAssembly
Native extension for WindowsStandalone target not found
Refreshing native plugins compatible for Editor in 0.96 ms, found 2 plugins.
Preloading 0 native plugins for Editor in 0.00 ms.
Mono: successfully reloaded assembly
- Completed reload, in  1.423 seconds
Domain Reload Profiling:
	ReloadAssembly (1423ms)
		BeginReloadAssembly (144ms)
			ExecutionOrderSort (0ms)
			DisableScriptedObjects (6ms)
			BackupInstance (0ms)
			ReleaseScriptingObjects (0ms)
			CreateAndSetChildDomain (44ms)
		EndReloadAssembly (1215ms)
			LoadAssemblies (138ms)
			RebuildTransferFunctionScriptingTraits (0ms)
			SetupTypeCache (428ms)
			ReleaseScriptCaches (2ms)
			RebuildScriptCaches (81ms)
			SetupLoadedEditorAssemblies (419ms)
				LogAssemblyErrors (0ms)
				InitializePlatformSupportModulesInManaged (4ms)
				SetLoadedEditorAssemblies (1ms)
				RefreshPlugins (1ms)
				BeforeProcessingInitializeOnLoad (108ms)
				ProcessInitializeOnLoadAttributes (289ms)
				ProcessInitializeOnLoadMethodAttributes (14ms)
				AfterProcessingInitializeOnLoad (3ms)
				EditorAssembliesLoaded (0ms)
			ExecutionOrderSort2 (0ms)
			AwakeInstancesAfterBackupRestoration (19ms)
Platform modules already initialized, skipping
Refreshing native plugins compatible for Editor in 0.76 ms, found 2 plugins.
Preloading 0 native plugins for Editor in 0.00 ms.
Unloading 3826 Unused Serialized files (Serialized files now loaded: 0)
System memory in use before: 279.4 MB.
System memory in use after: 279.7 MB.

Unloading 17 unused Assets to reduce memory usage. Loaded Objects now: 4581.
Total: 3.597500 ms (FindLiveObjects: 0.403300 ms CreateObjectMapping: 0.290900 ms MarkObjects: 2.886200 ms  DeleteObjects: 0.016300 ms)

AssetImportParameters requested are different than current active one (requested -> active):
  custom:framework-win-MediaFoundation: 216162199b28c13a410421893ffa2e32 -> 
  custom:video-decoder-ogg-theora: a1e56fd34408186e4bbccfd4996cb3dc -> 
  custom:container-muxer-webm: aa71ff27fc2769a1b78a27578f13a17b -> 
  custom:container-demuxer-webm: 4f35f7cbe854078d1ac9338744f61a02 -> 
  custom:container-demuxer-ogg: 62fdf1f143b41e24485cea50d1cbac27 -> 
  custom:video-encoder-webm-vp8: eb34c28f22e8b96e1ab97ce403110664 -> 
  custom:video-decoder-webm-vp8: 9c59270c3fd7afecdb556c50c9e8de78 -> 
  custom:audio-decoder-ogg-vorbis: bf7c407c2cedff20999df2af8eb42d56 -> 
  custom:audio-encoder-webm-vorbis: bf7c407c2cedff20999df2af8eb42d56 -> 
========================================================================
Received Import Request.
  Time since last request: 74.817676 seconds.
  path: Assets/Post Processing/Lolo.asset
  artifactKey: Guid(2612b170aa962384c85719d5c75119d9) Importer(815301076,1909f56bfc062723c751e8b465ee728b)
Start importing Assets/Post Processing/Lolo.asset using Guid(2612b170aa962384c85719d5c75119d9) Importer(815301076,1909f56bfc062723c751e8b465ee728b)  -> (artifact id: 'eb1845b8f95e9ac923a574ba7c146f1e') in 0.030194 seconds 
  Import took 0.035394 seconds .

========================================================================
Received Prepare
Registering precompiled user dll's ...
Registered in 0.005460 seconds.
Begin MonoManager ReloadAssembly
Native extension for WindowsStandalone target not found
Refreshing native plugins compatible for Editor in 0.73 ms, found 2 plugins.
Preloading 0 native plugins for Editor in 0.00 ms.
Mono: successfully reloaded assembly
- Completed reload, in  1.271 seconds
Domain Reload Profiling:
	ReloadAssembly (1272ms)
		BeginReloadAssembly (157ms)
			ExecutionOrderSort (0ms)
			DisableScriptedObjects (5ms)
			BackupInstance (0ms)
			ReleaseScriptingObjects (0ms)
			CreateAndSetChildDomain (43ms)
		EndReloadAssembly (1053ms)
			LoadAssemblies (128ms)
			RebuildTransferFunctionScriptingTraits (0ms)
			SetupTypeCache (407ms)
			ReleaseScriptCaches (1ms)
			RebuildScriptCaches (62ms)
			SetupLoadedEditorAssemblies (345ms)
				LogAssemblyErrors (0ms)
				InitializePlatformSupportModulesInManaged (3ms)
				SetLoadedEditorAssemblies (1ms)
				RefreshPlugins (1ms)
				BeforeProcessingInitializeOnLoad (86ms)
				ProcessInitializeOnLoadAttributes (240ms)
				ProcessInitializeOnLoadMethodAttributes (12ms)
				AfterProcessingInitializeOnLoad (3ms)
				EditorAssembliesLoaded (0ms)
			ExecutionOrderSort2 (0ms)
			AwakeInstancesAfterBackupRestoration (13ms)
Platform modules already initialized, skipping
Refreshing native plugins compatible for Editor in 0.70 ms, found 2 plugins.
Preloading 0 native plugins for Editor in 0.00 ms.
Unloading 3826 Unused Serialized files (Serialized files now loaded: 0)
System memory in use before: 279.5 MB.
System memory in use after: 279.7 MB.

Unloading 17 unused Assets to reduce memory usage. Loaded Objects now: 4583.
Total: 3.256800 ms (FindLiveObjects: 0.287700 ms CreateObjectMapping: 0.192100 ms MarkObjects: 2.760500 ms  DeleteObjects: 0.015700 ms)

AssetImportParameters requested are different than current active one (requested -> active):
  custom:framework-win-MediaFoundation: 216162199b28c13a410421893ffa2e32 -> 
  custom:video-decoder-ogg-theora: a1e56fd34408186e4bbccfd4996cb3dc -> 
  custom:container-muxer-webm: aa71ff27fc2769a1b78a27578f13a17b -> 
  custom:container-demuxer-webm: 4f35f7cbe854078d1ac9338744f61a02 -> 
  custom:container-demuxer-ogg: 62fdf1f143b41e24485cea50d1cbac27 -> 
  custom:video-encoder-webm-vp8: eb34c28f22e8b96e1ab97ce403110664 -> 
  custom:video-decoder-webm-vp8: 9c59270c3fd7afecdb556c50c9e8de78 -> 
  custom:audio-decoder-ogg-vorbis: bf7c407c2cedff20999df2af8eb42d56 -> 
  custom:audio-encoder-webm-vorbis: bf7c407c2cedff20999df2af8eb42d56 -> 
AssetImportWorkerClient::OnTransportError - code=2 error=End of file
